1688323287450:add-student John Doe 25
1688323298139:addStudent John Doe 25
1688323326697:add-student John Doe 25
1688323349634:add-student Jane Smith 30
1688323360535:view-students
1688323668665:add-student John Doe 25
1688323677012:view-students
1688323686381:delete-student 1
1688323697253:view-stutends
1688323700705:view-students
1688323708603:clear-students
1688323713465:view-students
1740727367628:init
1740727373628:show
1740727522744:add
1740728105885:init
1740728231619:show
1740728234619:init
1740728238619:show
1740729238385:init
1740729244386:show
1740729287390:add --fn "wefwe" --ln "erger" --a 20
1740729296390:show
1740729315392:add --fn wefwe --ln erger --a 20
1740729324392:show
1740729352394:remove --id 4
1740729531000:add --fn wefw --ln jre --a 25
1740729538998:show
1740729563001:add --fn wef2w --ln jr2e --a 27
1740729566001:show
1740729579003:remove --id 3
1740729597004:delete --id 3
1740729620005:delete --id 1
1740729625006:show
1740729693647:clear
1740729739650:init
1740729756651:delete --id 5
1740729763652:delete --id 2
1740729767653:show
1740729775653:clear
1740729779654:show
1740729788654:eef
1740729832952:clear
1740729872954:init
1740729877955:clear
1740729882955:show
1740729981113:init
1740729988113:clear
1740729996113:show
1740730124072:init
1740730128071:clear
1740730146197:public void deleteStudentById(int id) {
1740730164674:init
1740730167674:cl
1740730295902:clean
1740730329726:show
1740730336726:init
1740730365729:add --fn ivan --ln ivanov --a 15
1740730372729:show
1740730402732:delete --id 5
1740730414732:delete --id 2
1740730420732:show
1740730439735:add --fn fwefw --ln gwegw --a 44
1740730458736:delete --id 4
1740730468737:add --fn fwefw --ln gwegw --a 44
1740730474737:clean
1740730478737:show
1740730541016:clean
1740731276243:show
1740907095585:add --fn ggweg --ln erreher --a 25
1740907101584:show
1740907125588:add --fn ggweg --ln erreher --a 27
1740907145588:delete --id 3
1740907155590:delete --id 2
1740907161590:show
1740907169590:clean
1740907174591:show
1740912613990:clean
1740912617990:show
1740912636993:add --fn euwgwe --ln wegwe --a 44
1740912641992:show
1740912671996:delete --id 2
1740912681996:delete --id 1
1740912694266:show
1740912716269:add --fn reg --ln wer --a 44
1740912719268:show
1740914814886:add
1740915356069:show
1740915966345:delete --id 1
1740915990348:add --fn grge --ln rgegr --a 66
1740916041352:delete --id 55
1740916215780:add --fn erher --ln wgegw -a 44
1740916233781:add --fn erher --ln wgegw --a 44
1740916252782:delete --id 44
1740916258783:delete --id 2
1740916360167:show
1740939569578:add --fn rge --ln reg --a 18
1740939675664:show
1740939774670:add --fn eegw --ln rber --a 18
1741721279522:show
1741721304524:add --fn wegw --ln --a 18
1741721325525:add --fn wegw --ln grege --a 18
1741721330525:show
1741721357527:delete --id 1
1741721361527:show
1741721368528:clean
1741721372528:show
1741721544598:add --fn wewe --ln few --a 18
1741721547468:show
